

***********************************************************************
Fatal OSN connect error 12500, connecting to:
 (DESCRIPTION=(ADDRESS_LIST=(ADDRESS=(COMMUNITY=tcp.world)(PROTOCOL=TCP)(Host=192.168.0.246)(Port=1521))(ADDRESS=(COMMUNITY=tcp.world)(PROTOCOL=TCP)(Host=192.168.0.246)(Port=1526)))(CONNECT_DATA=(SID=ORCL)(CID=(PROGRAM=DBEXPL32.EXE)(HOST=MPALMIERI)(USER=mpalmieri))))

  VERSION INFORMATION:
	TNS for 32-bit Windows: Version 2.3.3.0.0 - Production
	Windows NT TCP/IP NT Protocol Adapter for 32-bit Windows: Version 2.3.3.0.0 - Production
  Time: 07-FEB-01 13:29:32
  Tracing not turned on.
  Tns error struct:
    nr err code: 12204
    TNS-12204: TNS: ricevuti dati rifiutati da un'applicazione
    ns main err code: 12564
    TNS-12564: TNS: collegamento rifiutato
    ns secondary err code: 0
    nt main err code: 0
    nt secondary err code: 0
    nt OS err code: 0


***********************************************************************
Fatal OSN connect error 12500, connecting to:
 (DESCRIPTION=(ADDRESS_LIST=(ADDRESS=(COMMUNITY=tcp.world)(PROTOCOL=TCP)(Host=192.168.0.246)(Port=1521))(ADDRESS=(COMMUNITY=tcp.world)(PROTOCOL=TCP)(Host=192.168.0.246)(Port=1526)))(CONNECT_DATA=(SID=ORCL)(CID=(PROGRAM=DBEXPL32.EXE)(HOST=MPALMIERI)(USER=mpalmieri))))

  VERSION INFORMATION:
	TNS for 32-bit Windows: Version 2.3.3.0.0 - Production
	Windows NT TCP/IP NT Protocol Adapter for 32-bit Windows: Version 2.3.3.0.0 - Production
  Time: 07-FEB-01 13:39:20
  Tracing not turned on.
  Tns error struct:
    nr err code: 12204
    TNS-12204: TNS: ricevuti dati rifiutati da un'applicazione
    ns main err code: 12564
    TNS-12564: TNS: collegamento rifiutato
    ns secondary err code: 0
    nt main err code: 0
    nt secondary err code: 0
    nt OS err code: 0
